<?xml version="1.0" encoding="UTF-8"?>
<!-- Generated by org.testng.reporters.JUnitReportReporter -->
<testsuite hostname="SYNBLRGTP-071" name="testSuite.Sample" tests="1" failures="0" timestamp="29 Feb 2016 08:58:26 GMT" time="3.634" errors="0">
  <testcase name="testCase_01" time="3.634" classname="testSuite.Sample"/>
</testsuite>
